# JRE version: OpenJDK Runtime Environment (17.0.7) (build 17.0.7+0-b2043.56-10550314)
# Java VM: OpenJDK 64-Bit Server VM (17.0.7+0-b2043.56-10550314, mixed mode, tiered, compressed oops, compressed class ptrs, g1 gc, windows-amd64)
GC Precious Log:
 CPUs: 16 total, 16 available
 Memory: 16209M
 Large Page Support: Disabled
 NUMA Support: Disabled
 Compressed Oops: Enabled (32-bit)
 Heap Region Size: 1M
 Heap Min Capacity: 8M
 Heap Initial Capacity: 254M
 Heap Max Capacity: 2G
 Pre-touch: Disabled
 Parallel Workers: 13
 Concurrent Workers: 3
 Concurrent Refinement Workers: 13
 Periodic GC: Disabled
Heap:
 garbage-first heap   total 335872K, used 150773K [0x0000000080000000, 0x0000000100000000)
  region size 1024K, 35 young (35840K), 10 survivors (10240K)
 Metaspace       used 87031K, committed 87744K, reserved 1179648K
  class space    used 11703K, committed 12032K, reserved 1048576K
GC Heap History (20 events):
Event: 50.519 GC heap before
{Heap before GC invocations=33 (full 0):
 garbage-first heap   total 132096K, used 106240K [0x0000000080000000, 0x0000000100000000)
  region size 1024K, 25 young (25600K), 1 survivors (1024K)
 Metaspace       used 61076K, committed 61760K, reserved 1114112K
  class space    used 8120K, committed 8384K, reserved 1048576K
}
Event: 50.523 GC heap after
{Heap after GC invocations=34 (full 0):
 garbage-first heap   total 132096K, used 83357K [0x0000000080000000, 0x0000000100000000)
  region size 1024K, 1 young (1024K), 1 survivors (1024K)
 Metaspace       used 61076K, committed 61760K, reserved 1114112K
  class space    used 8120K, committed 8384K, reserved 1048576K
}
Event: 50.984 GC heap before
{Heap before GC invocations=35 (full 0):
 garbage-first heap   total 145408K, used 107933K [0x0000000080000000, 0x0000000100000000)
  region size 1024K, 26 young (26624K), 1 survivors (1024K)
 Metaspace       used 63877K, committed 64512K, reserved 1114112K
  class space    used 8445K, committed 8704K, reserved 1048576K
}
Event: 50.987 GC heap after
{Heap after GC invocations=36 (full 0):
 garbage-first heap   total 145408K, used 84088K [0x0000000080000000, 0x0000000100000000)
  region size 1024K, 2 young (2048K), 2 survivors (2048K)
 Metaspace       used 63877K, committed 64512K, reserved 1114112K
  class space    used 8445K, committed 8704K, reserved 1048576K
}
Event: 51.154 GC heap before
{Heap before GC invocations=36 (full 0):
 garbage-first heap   total 145408K, used 89208K [0x0000000080000000, 0x0000000100000000)
  region size 1024K, 7 young (7168K), 2 survivors (2048K)
 Metaspace       used 64383K, committed 65024K, reserved 1114112K
  class space    used 8507K, committed 8768K, reserved 1048576K
}
Event: 51.156 GC heap after
{Heap after GC invocations=37 (full 0):
 garbage-first heap   total 145408K, used 83573K [0x0000000080000000, 0x0000000100000000)
  region size 1024K, 1 young (1024K), 1 survivors (1024K)
 Metaspace       used 64383K, committed 65024K, reserved 1114112K
  class space    used 8507K, committed 8768K, reserved 1048576K
}
Event: 51.820 GC heap before
{Heap before GC invocations=37 (full 0):
 garbage-first heap   total 145408K, used 108149K [0x0000000080000000, 0x0000000100000000)
  region size 1024K, 26 young (26624K), 1 survivors (1024K)
 Metaspace       used 68557K, committed 69312K, reserved 1114112K
  class space    used 9081K, committed 9408K, reserved 1048576K
}
Event: 51.823 GC heap after
{Heap after GC invocations=38 (full 0):
 garbage-first heap   total 145408K, used 85824K [0x0000000080000000, 0x0000000100000000)
  region size 1024K, 3 young (3072K), 3 survivors (3072K)
 Metaspace       used 68557K, committed 69312K, reserved 1114112K
  class space    used 9081K, committed 9408K, reserved 1048576K
}
Event: 52.463 GC heap before
{Heap before GC invocations=39 (full 0):
 garbage-first heap   total 167936K, used 123712K [0x0000000080000000, 0x0000000100000000)
  region size 1024K, 34 young (34816K), 3 survivors (3072K)
 Metaspace       used 70140K, committed 70784K, reserved 1114112K
  class space    used 9307K, committed 9600K, reserved 1048576K
}
Event: 52.466 GC heap after
{Heap after GC invocations=40 (full 0):
 garbage-first heap   total 167936K, used 89028K [0x0000000080000000, 0x0000000100000000)
  region size 1024K, 5 young (5120K), 5 survivors (5120K)
 Metaspace       used 70140K, committed 70784K, reserved 1114112K
  class space    used 9307K, committed 9600K, reserved 1048576K
}
Event: 52.502 GC heap before
{Heap before GC invocations=40 (full 0):
 garbage-first heap   total 167936K, used 92100K [0x0000000080000000, 0x0000000100000000)
  region size 1024K, 8 young (8192K), 5 survivors (5120K)
 Metaspace       used 70371K, committed 71040K, reserved 1114112K
  class space    used 9331K, committed 9664K, reserved 1048576K
}
Event: 52.517 GC heap after
{Heap after GC invocations=41 (full 0):
 garbage-first heap   total 167936K, used 88912K [0x0000000080000000, 0x0000000100000000)
  region size 1024K, 1 young (1024K), 1 survivors (1024K)
 Metaspace       used 70371K, committed 71040K, reserved 1114112K
  class space    used 9331K, committed 9664K, reserved 1048576K
}
Event: 53.762 GC heap before
{Heap before GC invocations=41 (full 0):
 garbage-first heap   total 167936K, used 130896K [0x0000000080000000, 0x0000000100000000)
  region size 1024K, 42 young (43008K), 1 survivors (1024K)
 Metaspace       used 72867K, committed 73536K, reserved 1114112K
  class space    used 9676K, committed 9984K, reserved 1048576K
}
Event: 53.766 GC heap after
{Heap after GC invocations=42 (full 0):
 garbage-first heap   total 167936K, used 91607K [0x0000000080000000, 0x0000000100000000)
  region size 1024K, 4 young (4096K), 4 survivors (4096K)
 Metaspace       used 72867K, committed 73536K, reserved 1114112K
  class space    used 9676K, committed 9984K, reserved 1048576K
}
Event: 54.708 GC heap before
{Heap before GC invocations=43 (full 0):
 garbage-first heap   total 167936K, used 132567K [0x0000000080000000, 0x0000000100000000)
  region size 1024K, 44 young (45056K), 4 survivors (4096K)
 Metaspace       used 73838K, committed 74624K, reserved 1114112K
  class space    used 9793K, committed 10112K, reserved 1048576K
}
Event: 54.714 GC heap after
{Heap after GC invocations=44 (full 0):
 garbage-first heap   total 335872K, used 94641K [0x0000000080000000, 0x0000000100000000)
  region size 1024K, 6 young (6144K), 6 survivors (6144K)
 Metaspace       used 73838K, committed 74624K, reserved 1114112K
  class space    used 9793K, committed 10112K, reserved 1048576K
}
Event: 57.542 GC heap before
{Heap before GC invocations=44 (full 0):
 garbage-first heap   total 335872K, used 249265K [0x0000000080000000, 0x0000000100000000)
  region size 1024K, 146 young (149504K), 6 survivors (6144K)
 Metaspace       used 85487K, committed 86144K, reserved 1179648K
  class space    used 11418K, committed 11712K, reserved 1048576K
}
Event: 57.550 GC heap after
{Heap after GC invocations=45 (full 0):
 garbage-first heap   total 335872K, used 111554K [0x0000000080000000, 0x0000000100000000)
  region size 1024K, 16 young (16384K), 16 survivors (16384K)
 Metaspace       used 85487K, committed 86144K, reserved 1179648K
  class space    used 11418K, committed 11712K, reserved 1048576K
}
Event: 57.562 GC heap before
{Heap before GC invocations=45 (full 0):
 garbage-first heap   total 335872K, used 123842K [0x0000000080000000, 0x0000000100000000)
  region size 1024K, 17 young (17408K), 16 survivors (16384K)
 Metaspace       used 85487K, committed 86144K, reserved 1179648K
  class space    used 11418K, committed 11712K, reserved 1048576K
}
Event: 57.569 GC heap after
{Heap after GC invocations=46 (full 0):
 garbage-first heap   total 335872K, used 124149K [0x0000000080000000, 0x0000000100000000)
  region size 1024K, 10 young (10240K), 10 survivors (10240K)
 Metaspace       used 85487K, committed 86144K, reserved 1179648K
  class space    used 11418K, committed 11712K, reserved 1048576K
}

