# JRE version: OpenJDK Runtime Environment (17.0.7) (build 17.0.7+0-b2043.56-10550314)
# Java VM: OpenJDK 64-Bit Server VM (17.0.7+0-b2043.56-10550314, mixed mode, tiered, compressed oops, compressed class ptrs, g1 gc, windows-amd64)
GC Precious Log:
 CPUs: 16 total, 16 available
 Memory: 16209M
 Large Page Support: Disabled
 NUMA Support: Disabled
 Compressed Oops: Enabled (32-bit)
 Heap Region Size: 1M
 Heap Min Capacity: 8M
 Heap Initial Capacity: 254M
 Heap Max Capacity: 2G
 Pre-touch: Disabled
 Parallel Workers: 13
 Concurrent Workers: 3
 Concurrent Refinement Workers: 13
 Periodic GC: Disabled
Heap:
 garbage-first heap   total 286720K, used 146558K [0x0000000080000000, 0x0000000100000000)
  region size 1024K, 19 young (19456K), 1 survivors (1024K)
 Metaspace       used 87284K, committed 88000K, reserved 1179648K
  class space    used 11736K, committed 12096K, reserved 1048576K
GC Heap History (20 events):
Event: 49.365 GC heap before
{Heap before GC invocations=30 (full 0):
 garbage-first heap   total 122880K, used 81754K [0x0000000080000000, 0x0000000100000000)
  region size 1024K, 6 young (6144K), 4 survivors (4096K)
 Metaspace       used 56671K, committed 57280K, reserved 1114112K
  class space    used 7552K, committed 7808K, reserved 1048576K
}
Event: 49.367 GC heap after
{Heap after GC invocations=31 (full 0):
 garbage-first heap   total 122880K, used 80488K [0x0000000080000000, 0x0000000100000000)
  region size 1024K, 1 young (1024K), 1 survivors (1024K)
 Metaspace       used 56671K, committed 57280K, reserved 1114112K
  class space    used 7552K, committed 7808K, reserved 1048576K
}
Event: 49.399 GC heap before
{Heap before GC invocations=31 (full 0):
 garbage-first heap   total 122880K, used 82536K [0x0000000080000000, 0x0000000100000000)
  region size 1024K, 5 young (5120K), 1 survivors (1024K)
 Metaspace       used 56842K, committed 57408K, reserved 1114112K
  class space    used 7570K, committed 7808K, reserved 1048576K
}
Event: 49.401 GC heap after
{Heap after GC invocations=32 (full 0):
 garbage-first heap   total 122880K, used 80835K [0x0000000080000000, 0x0000000100000000)
  region size 1024K, 1 young (1024K), 1 survivors (1024K)
 Metaspace       used 56842K, committed 57408K, reserved 1114112K
  class space    used 7570K, committed 7808K, reserved 1048576K
}
Event: 49.748 GC heap before
{Heap before GC invocations=33 (full 0):
 garbage-first heap   total 143360K, used 97219K [0x0000000080000000, 0x0000000100000000)
  region size 1024K, 17 young (17408K), 1 survivors (1024K)
 Metaspace       used 58251K, committed 58816K, reserved 1114112K
  class space    used 7795K, committed 8064K, reserved 1048576K
}
Event: 49.749 GC heap after
{Heap after GC invocations=34 (full 0):
 garbage-first heap   total 143360K, used 82477K [0x0000000080000000, 0x0000000100000000)
  region size 1024K, 2 young (2048K), 2 survivors (2048K)
 Metaspace       used 58251K, committed 58816K, reserved 1114112K
  class space    used 7795K, committed 8064K, reserved 1048576K
}
Event: 49.810 GC heap before
{Heap before GC invocations=34 (full 0):
 garbage-first heap   total 143360K, used 86573K [0x0000000080000000, 0x0000000100000000)
  region size 1024K, 7 young (7168K), 2 survivors (2048K)
 Metaspace       used 58745K, committed 59328K, reserved 1114112K
  class space    used 7864K, committed 8128K, reserved 1048576K
}
Event: 49.812 GC heap after
{Heap after GC invocations=35 (full 0):
 garbage-first heap   total 143360K, used 82293K [0x0000000080000000, 0x0000000100000000)
  region size 1024K, 1 young (1024K), 1 survivors (1024K)
 Metaspace       used 58745K, committed 59328K, reserved 1114112K
  class space    used 7864K, committed 8128K, reserved 1048576K
}
Event: 50.505 GC heap before
{Heap before GC invocations=35 (full 0):
 garbage-first heap   total 143360K, used 111989K [0x0000000080000000, 0x0000000100000000)
  region size 1024K, 30 young (30720K), 1 survivors (1024K)
 Metaspace       used 62214K, committed 62784K, reserved 1114112K
  class space    used 8261K, committed 8512K, reserved 1048576K
}
Event: 50.509 GC heap after
{Heap after GC invocations=36 (full 0):
 garbage-first heap   total 337920K, used 82849K [0x0000000080000000, 0x0000000100000000)
  region size 1024K, 1 young (1024K), 1 survivors (1024K)
 Metaspace       used 62214K, committed 62784K, reserved 1114112K
  class space    used 8261K, committed 8512K, reserved 1048576K
}
Event: 54.757 GC heap before
{Heap before GC invocations=37 (full 0):
 garbage-first heap   total 286720K, used 248737K [0x0000000080000000, 0x0000000100000000)
  region size 1024K, 157 young (160768K), 1 survivors (1024K)
 Metaspace       used 73341K, committed 73984K, reserved 1114112K
  class space    used 9730K, committed 9984K, reserved 1048576K
}
Event: 54.765 GC heap after
{Heap after GC invocations=38 (full 0):
 garbage-first heap   total 286720K, used 95100K [0x0000000080000000, 0x0000000100000000)
  region size 1024K, 13 young (13312K), 13 survivors (13312K)
 Metaspace       used 73341K, committed 73984K, reserved 1114112K
  class space    used 9730K, committed 9984K, reserved 1048576K
}
Event: 54.785 GC heap before
{Heap before GC invocations=38 (full 0):
 garbage-first heap   total 286720K, used 95100K [0x0000000080000000, 0x0000000100000000)
  region size 1024K, 14 young (14336K), 13 survivors (13312K)
 Metaspace       used 73426K, committed 74048K, reserved 1114112K
  class space    used 9739K, committed 9984K, reserved 1048576K
}
Event: 54.791 GC heap after
{Heap after GC invocations=39 (full 0):
 garbage-first heap   total 286720K, used 96893K [0x0000000080000000, 0x0000000100000000)
  region size 1024K, 2 young (2048K), 2 survivors (2048K)
 Metaspace       used 73426K, committed 74048K, reserved 1114112K
  class space    used 9739K, committed 9984K, reserved 1048576K
}
Event: 55.152 GC heap before
{Heap before GC invocations=39 (full 0):
 garbage-first heap   total 286720K, used 120445K [0x0000000080000000, 0x0000000100000000)
  region size 1024K, 26 young (26624K), 2 survivors (2048K)
 Metaspace       used 75192K, committed 75776K, reserved 1179648K
  class space    used 9997K, committed 10240K, reserved 1048576K
}
Event: 55.154 GC heap after
{Heap after GC invocations=40 (full 0):
 garbage-first heap   total 286720K, used 96707K [0x0000000080000000, 0x0000000100000000)
  region size 1024K, 2 young (2048K), 2 survivors (2048K)
 Metaspace       used 75192K, committed 75776K, reserved 1179648K
  class space    used 9997K, committed 10240K, reserved 1048576K
}
Event: 57.822 GC heap before
{Heap before GC invocations=41 (full 0):
 garbage-first heap   total 286720K, used 249283K [0x0000000080000000, 0x0000000100000000)
  region size 1024K, 125 young (128000K), 2 survivors (2048K)
 Metaspace       used 85770K, committed 86528K, reserved 1179648K
  class space    used 11485K, committed 11840K, reserved 1048576K
}
Event: 57.829 GC heap after
{Heap after GC invocations=42 (full 0):
 garbage-first heap   total 286720K, used 128426K [0x0000000080000000, 0x0000000100000000)
  region size 1024K, 12 young (12288K), 12 survivors (12288K)
 Metaspace       used 85770K, committed 86528K, reserved 1179648K
  class space    used 11485K, committed 11840K, reserved 1048576K
}
Event: 57.859 GC heap before
{Heap before GC invocations=42 (full 0):
 garbage-first heap   total 286720K, used 130474K [0x0000000080000000, 0x0000000100000000)
  region size 1024K, 14 young (14336K), 12 survivors (12288K)
 Metaspace       used 85933K, committed 86656K, reserved 1179648K
  class space    used 11516K, committed 11840K, reserved 1048576K
}
Event: 57.865 GC heap after
{Heap after GC invocations=43 (full 0):
 garbage-first heap   total 286720K, used 129150K [0x0000000080000000, 0x0000000100000000)
  region size 1024K, 1 young (1024K), 1 survivors (1024K)
 Metaspace       used 85933K, committed 86656K, reserved 1179648K
  class space    used 11516K, committed 11840K, reserved 1048576K
}

